<?xml version="1.0" encoding="UTF-8"?>
<!-- Generated by org.testng.reporters.JUnitXMLReporter -->
<testsuite ignored="0" hostname="Poornima-PC" failures="0" tests="4" name="Test" time="0.272" errors="0" timestamp="2022-09-01T13:40:12 IST">
  <testcase classname="jankinspro.test2" name="t2" time="0.034"/>
  <testcase classname="jankinspro.Test4" name="t4" time="0.005"/>
  <testcase classname="jankinspro.Test3" name="t3" time="0.004"/>
  <testcase classname="jankinspro.Test1" name="t1" time="0.006"/>
</testsuite> <!-- Test -->
